Info : Using CMSIS-DAPv2 interface with VID:PID=0x2e8a:0x000c, serial=415032383337300D
Warn : could not claim interface: Access denied (insufficient permissions)
Error: error reading data: Entity not found
Error: error reading data: Entity not found
Error: error reading data: Entity not found
Error: error reading data: Entity not found
Error: error reading data: Entity not found
Error: error reading data: Entity not found
Error: error reading data: Entity not found
Error: error reading data: Entity not found
Error: error reading data: Entity not found
Error: error reading data: Entity not found
Error: error reading data: Entity not found
Error: error reading data: Entity not found
Error: error reading data: Entity not found
Error: error reading data: Entity not found
Error: error reading data: Entity not found
Error: error reading data: Entity not found
Error: error reading data: Entity not found
Error: error reading data: Entity not found
Error: error reading data: Entity not found
Error: error reading data: Entity not found
Error: error reading data: Entity not found
Error: error reading data: Entity not found
Error: error reading data: Entity not found
Error: error reading data: Entity not found
Error: error reading data: Entity not found
Error: error reading data: Entity not found
Error: error reading data: Entity not found
Error: error reading data: Entity not found
Error: error reading data: Entity not found
Error: error reading data: Entity not found
Error: error reading data: Entity not found
Error: error reading data: Entity not found
Error: error reading data: Entity not found
Error: error reading data: Entity not found
Error: error reading data: Entity not found
Error: error reading data: Entity not found
Error: error reading data: Entity not found
Error: error reading data: Entity not found
Error: error reading data: Entity not found
Error: error reading data: Entity not found
Error: error reading data: Entity not found
Error: error reading data: Entity not found
Error: error reading data: Entity not found
Error: error reading data: Entity not found
Error: error reading data: Entity not found
Error: error reading data: Entity not found
Error: error reading data: Entity not found
Error: error reading data: Entity not found
Error: error reading data: Entity not found
Error: error reading data: Entity not found
Error: error reading data: Entity not found
Error: error reading data: Entity not found
Error: error reading data: Entity not found
Error: error reading data: Entity not found
Error: error reading data: Entity not found
Error: error reading data: Entity not found
Error: error reading data: Entity not found
Error: error reading data: Entity not found
Error: error reading data: Entity not found
Error: error reading data: Entity not found
Error: error reading data: Entity not found
Error: error reading data: Entity not found
Error: error reading data: Entity not found
Error: error reading data: Entity not found
Error: error writing data: Entity not found
Error: CMSIS-DAP command CMD_INFO failed.

